<?xml version="1.0" encoding="UTF-8"?>
<!-- Generated by org.testng.reporters.JUnitReportReporter -->
<testsuite hostname="Dell-G7" failures="0" tests="1" name="runner.CucumberRunnerTests" time="11.697" errors="0" timestamp="2024-08-20T09:51:04 IST" skipped="0">
  <testcase classname="runner.CucumberRunnerTests" name="runScenario" time="11.697"/>
</testsuite> <!-- runner.CucumberRunnerTests -->
