<?xml version="1.0" encoding="UTF-8"?>
<!-- Generated by org.testng.reporters.JUnitReportReporter -->
<testsuite hostname="Dell-G7" failures="0" tests="1" name="runner.CucumberRunnerTests" time="9.415" errors="0" timestamp="2024-08-20T14:57:18 IST" skipped="0">
  <testcase classname="runner.CucumberRunnerTests" name="runScenario" time="9.415"/>
</testsuite> <!-- runner.CucumberRunnerTests -->
